生成启动时间为 2018/7/12 14:19:10。
     1>项目“D:\Program Files (x86)\Microsoft Visual Studio 10.0\BBM2018\13_22\13_22\13_22.vcxproj”在节点 2 上(build 个目标)。
     1>InitializeBuildStatus:
         正在对“Debug\13_22.unsuccessfulbuild”执行 Touch 任务。
       ClCompile:
         D:\Program Files (x86)\Microsoft Visual Studio 10.0\VC\bin\CL.exe /c /ZI /nologo /W3 /WX- /Od /Oy- /D WIN32 /D _DEBUG /D _CONSOLE /D _UNICODE /D UNICODE /Gm /EHsc /RTC1 /MDd /GS /fp:precise /Zc:wchar_t /Zc:forScope /Fo"Debug\\" /Fd"Debug\vc100.pdb" /Gd /TC /analyze- /errorReport:prompt test1.c
         test1.c
     1>d:\program files (x86)\microsoft visual studio 10.0\bbm2018\13_22\13_22\test1.c(7): warning C4996: 'scanf': This function or variable may be unsafe. Consider using scanf_s instead. To disable deprecation, use _CRT_SECURE_NO_WARNINGS. See online help for details.
                 d:\program files (x86)\microsoft visual studio 10.0\vc\include\stdio.h(304) : 参见“scanf”的声明
     1>d:\program files (x86)\microsoft visual studio 10.0\bbm2018\13_22\13_22\test1.c(8): error C2143: 语法错误 : 缺少“;”(在“类型”的前面)
     1>d:\program files (x86)\microsoft visual studio 10.0\bbm2018\13_22\13_22\test1.c(9): error C2143: 语法错误 : 缺少“;”(在“类型”的前面)
     1>d:\program files (x86)\microsoft visual studio 10.0\bbm2018\13_22\13_22\test1.c(9): error C2143: 语法错误 : 缺少“;”(在“类型”的前面)
     1>d:\program files (x86)\microsoft visual studio 10.0\bbm2018\13_22\13_22\test1.c(9): error C2143: 语法错误 : 缺少“)”(在“类型”的前面)
     1>d:\program files (x86)\microsoft visual studio 10.0\bbm2018\13_22\13_22\test1.c(9): error C2143: 语法错误 : 缺少“;”(在“类型”的前面)
     1>d:\program files (x86)\microsoft visual studio 10.0\bbm2018\13_22\13_22\test1.c(9): error C2065: “j”: 未声明的标识符
     1>d:\program files (x86)\microsoft visual studio 10.0\bbm2018\13_22\13_22\test1.c(9): warning C4552: “<”: 运算符不起任何作用；应输入带副作用的运算符
     1>d:\program files (x86)\microsoft visual studio 10.0\bbm2018\13_22\13_22\test1.c(9): error C2065: “j”: 未声明的标识符
     1>d:\program files (x86)\microsoft visual studio 10.0\bbm2018\13_22\13_22\test1.c(9): error C2059: 语法错误:“)”
     1>d:\program files (x86)\microsoft visual studio 10.0\bbm2018\13_22\13_22\test1.c(9): error C2143: 语法错误 : 缺少“;”(在“{”的前面)
     1>d:\program files (x86)\microsoft visual studio 10.0\bbm2018\13_22\13_22\test1.c(10): error C2065: “a”: 未声明的标识符
     1>d:\program files (x86)\microsoft visual studio 10.0\bbm2018\13_22\13_22\test1.c(10): error C2065: “j”: 未声明的标识符
     1>d:\program files (x86)\microsoft visual studio 10.0\bbm2018\13_22\13_22\test1.c(10): error C2109: 下标要求数组或指针类型
     1>d:\program files (x86)\microsoft visual studio 10.0\bbm2018\13_22\13_22\test1.c(18): error C2065: “a”: 未声明的标识符
     1>d:\program files (x86)\microsoft visual studio 10.0\bbm2018\13_22\13_22\test1.c(18): error C2109: 下标要求数组或指针类型
     1>d:\program files (x86)\microsoft visual studio 10.0\bbm2018\13_22\13_22\test1.c(18): error C2065: “a”: 未声明的标识符
     1>d:\program files (x86)\microsoft visual studio 10.0\bbm2018\13_22\13_22\test1.c(18): error C2109: 下标要求数组或指针类型
     1>d:\program files (x86)\microsoft visual studio 10.0\bbm2018\13_22\13_22\test1.c(18): error C2065: “a”: 未声明的标识符
     1>d:\program files (x86)\microsoft visual studio 10.0\bbm2018\13_22\13_22\test1.c(18): error C2109: 下标要求数组或指针类型
     1>d:\program files (x86)\microsoft visual studio 10.0\bbm2018\13_22\13_22\test1.c(20): error C2065: “a”: 未声明的标识符
     1>d:\program files (x86)\microsoft visual studio 10.0\bbm2018\13_22\13_22\test1.c(20): error C2109: 下标要求数组或指针类型
     1>d:\program files (x86)\microsoft visual studio 10.0\bbm2018\13_22\13_22\test1.c(20): error C2065: “a”: 未声明的标识符
     1>d:\program files (x86)\microsoft visual studio 10.0\bbm2018\13_22\13_22\test1.c(20): error C2109: 下标要求数组或指针类型
     1>d:\program files (x86)\microsoft visual studio 10.0\bbm2018\13_22\13_22\test1.c(23): error C2065: “a”: 未声明的标识符
     1>d:\program files (x86)\microsoft visual studio 10.0\bbm2018\13_22\13_22\test1.c(23): error C2109: 下标要求数组或指针类型
     1>d:\program files (x86)\microsoft visual studio 10.0\bbm2018\13_22\13_22\test1.c(23): warning C4033: “calc_f”必须返回值
     1>已完成生成项目“D:\Program Files (x86)\Microsoft Visual Studio 10.0\BBM2018\13_22\13_22\13_22.vcxproj”(build 个目标)的操作 - 失败。

生成失败。

已用时间 00:00:00.37
